<?xml version="1.0" encoding="utf-8"?><testsuites name="pytest tests"><testsuite name="pytest" errors="0" failures="0" skipped="0" tests="24" time="3.745" timestamp="2026-05-16T03:48:15.530164+00:00" hostname="agent-env-6d717257-c828-4175-87cd-55babd98542a"><testcase classname="backend.tests.test_airdrop.TestHealth" name="test_health_returns_checks" time="0.360" /><testcase classname="backend.tests.test_airdrop.TestAirdropMintInfo" name="test_valid_usdc_mint" time="0.227" /><testcase classname="backend.tests.test_airdrop.TestAirdropMintInfo" name="test_invalid_mint_format" time="0.153" /><testcase classname="backend.tests.test_airdrop.TestAirdropMintInfo" name="test_non_mint_account_returns_400" time="0.251" /><testcase classname="backend.tests.test_airdrop.TestAirdropMintInfo" name="test_nonexistent_mint_returns_404" time="0.119" /><testcase classname="backend.tests.test_airdrop.TestAirdropBalance" name="test_balance_for_unfunded_account" time="0.264" /><testcase classname="backend.tests.test_airdrop.TestAirdropBalance" name="test_balance_invalid_mint" time="0.110" /><testcase classname="backend.tests.test_airdrop.TestAirdropBuildBatch" name="test_build_batch_3_recipients_ok" time="0.206" /><testcase classname="backend.tests.test_airdrop.TestAirdropBuildBatch" name="test_build_batch_duplicate_recipients" time="0.104" /><testcase classname="backend.tests.test_airdrop.TestAirdropBuildBatch" name="test_build_batch_exceeds_max_15" time="0.110" /><testcase classname="backend.tests.test_airdrop.TestAirdropBuildBatch" name="test_build_batch_invalid_mint" time="0.105" /><testcase classname="backend.tests.test_airdrop.TestAirdropBuildBatch" name="test_build_batch_invalid_payer" time="0.102" /><testcase classname="backend.tests.test_airdrop.TestAirdropBuildBatch" name="test_build_batch_invalid_recipient" time="0.118" /><testcase classname="backend.tests.test_airdrop.TestAirdropBuildBatch" name="test_build_batch_amount_zero" time="0.104" /><testcase classname="backend.tests.test_airdrop.TestAirdropBuildBatch" name="test_build_batch_amount_negative" time="0.103" /><testcase classname="backend.tests.test_airdrop.TestTokenCreateValidation" name="test_name_too_long" time="0.118" /><testcase classname="backend.tests.test_airdrop.TestTokenCreateValidation" name="test_symbol_too_long" time="0.113" /><testcase classname="backend.tests.test_airdrop.TestTokenCreateValidation" name="test_decimals_out_of_range" time="0.105" /><testcase classname="backend.tests.test_airdrop.TestTokenCreateValidation" name="test_supply_zero" time="0.102" /><testcase classname="backend.tests.test_airdrop.TestTokenCreateValidation" name="test_supply_too_large" time="0.107" /><testcase classname="backend.tests.test_airdrop.TestTokenCreateValidation" name="test_invalid_payer" time="0.107" /><testcase classname="backend.tests.test_airdrop.TestExistingTokenEndpoints" name="test_get_tokens_list_no_mongo_id" time="0.150" /><testcase classname="backend.tests.test_airdrop.TestExistingTokenEndpoints" name="test_get_single_token_if_any" time="0.219" /><testcase classname="backend.tests.test_airdrop.TestCORS" name="test_cors_headers_present" time="0.199" /></testsuite></testsuites>