<?xml version="1.0" encoding="utf-8"?><testsuites name="pytest tests"><testsuite name="pytest" errors="0" failures="5" skipped="0" tests="35" time="16.552" timestamp="2026-05-16T11:38:48.617162+00:00" hostname="agent-env-6d717257-c828-4175-87cd-55babd98542a"><testcase classname="backend.tests.test_airdrop.TestHealth" name="test_health_returns_checks" time="0.353" /><testcase classname="backend.tests.test_airdrop.TestAirdropMintInfo" name="test_valid_usdc_mint" time="0.307" /><testcase classname="backend.tests.test_airdrop.TestAirdropMintInfo" name="test_invalid_mint_format" time="0.177" /><testcase classname="backend.tests.test_airdrop.TestAirdropMintInfo" name="test_non_mint_account_returns_400" time="0.298" /><testcase classname="backend.tests.test_airdrop.TestAirdropMintInfo" name="test_nonexistent_mint_returns_404" time="0.170" /><testcase classname="backend.tests.test_airdrop.TestAirdropBalance" name="test_balance_for_unfunded_account" time="0.303" /><testcase classname="backend.tests.test_airdrop.TestAirdropBalance" name="test_balance_invalid_mint" time="0.160" /><testcase classname="backend.tests.test_airdrop.TestAirdropBuildBatch" name="test_build_batch_3_recipients_ok" time="0.305" /><testcase classname="backend.tests.test_airdrop.TestAirdropBuildBatch" name="test_build_batch_duplicate_recipients" time="0.169" /><testcase classname="backend.tests.test_airdrop.TestAirdropBuildBatch" name="test_build_batch_exceeds_max_15" time="0.163" /><testcase classname="backend.tests.test_airdrop.TestAirdropBuildBatch" name="test_build_batch_invalid_mint" time="0.156" /><testcase classname="backend.tests.test_airdrop.TestAirdropBuildBatch" name="test_build_batch_invalid_payer" time="0.157" /><testcase classname="backend.tests.test_airdrop.TestAirdropBuildBatch" name="test_build_batch_invalid_recipient" time="0.160" /><testcase classname="backend.tests.test_airdrop.TestAirdropBuildBatch" name="test_build_batch_amount_zero" time="0.158" /><testcase classname="backend.tests.test_airdrop.TestAirdropBuildBatch" name="test_build_batch_amount_negative" time="0.171" /><testcase classname="backend.tests.test_airdrop.TestTokenCreateValidation" name="test_name_too_long" time="0.165"><failure message="AssertionError: {&quot;detail&quot;:&quot;metadata.name: String should have at most 64 characters&quot;,&quot;field_errors&quot;:[{&quot;field&quot;:&quot;metadata.name&quot;,&quot;message&quot;:&quot;String should have at most 64 characters&quot;,&quot;type&quot;:&quot;string_too_long&quot;}]}&#10;assert 400 == 422&#10; +  where 400 = &lt;Response [400]&gt;.status_code">E   AssertionError: {"detail":"metadata.name: String should have at most 64 characters","field_errors":[{"field":"metadata.name","message":"String should have at most 64 characters","type":"string_too_long"}]}
    assert 400 == 422
     +  where 400 = &lt;Response [400]&gt;.status_code</failure></testcase><testcase classname="backend.tests.test_airdrop.TestTokenCreateValidation" name="test_symbol_too_long" time="0.163"><failure message="assert 400 == 422&#10; +  where 400 = &lt;Response [400]&gt;.status_code">E   assert 400 == 422
     +  where 400 = &lt;Response [400]&gt;.status_code</failure></testcase><testcase classname="backend.tests.test_airdrop.TestTokenCreateValidation" name="test_decimals_out_of_range" time="0.712"><failure message="assert 200 == 422&#10; +  where 200 = &lt;Response [200]&gt;.status_code">E   assert 200 == 422
     +  where 200 = &lt;Response [200]&gt;.status_code</failure></testcase><testcase classname="backend.tests.test_airdrop.TestTokenCreateValidation" name="test_supply_zero" time="0.177"><failure message="assert 400 == 422&#10; +  where 400 = &lt;Response [400]&gt;.status_code">E   assert 400 == 422
     +  where 400 = &lt;Response [400]&gt;.status_code</failure></testcase><testcase classname="backend.tests.test_airdrop.TestTokenCreateValidation" name="test_supply_too_large" time="0.157"><failure message="assert 400 == 422&#10; +  where 400 = &lt;Response [400]&gt;.status_code">E   assert 400 == 422
     +  where 400 = &lt;Response [400]&gt;.status_code</failure></testcase><testcase classname="backend.tests.test_airdrop.TestTokenCreateValidation" name="test_invalid_payer" time="0.159" /><testcase classname="backend.tests.test_airdrop.TestExistingTokenEndpoints" name="test_get_tokens_list_no_mongo_id" time="0.159" /><testcase classname="backend.tests.test_airdrop.TestExistingTokenEndpoints" name="test_get_single_token_if_any" time="0.355" /><testcase classname="backend.tests.test_airdrop.TestCORS" name="test_cors_headers_present" time="0.359" /><testcase classname="backend.tests.test_api.TestHealthCheck" name="test_api_root_returns_200" time="0.162" /><testcase classname="backend.tests.test_api.TestImageUpload" name="test_upload_valid_png_image" time="0.853" /><testcase classname="backend.tests.test_api.TestImageUpload" name="test_upload_rejects_non_image_file" time="0.161" /><testcase classname="backend.tests.test_api.TestImageUpload" name="test_upload_rejects_empty_file" time="0.161" /><testcase classname="backend.tests.test_api.TestTokenCreation" name="test_create_token_returns_expected_fields" time="7.315" /><testcase classname="backend.tests.test_api.TestTokenCreation" name="test_create_token_with_authority_revocation" time="0.672" /><testcase classname="backend.tests.test_api.TestTokenList" name="test_get_tokens_returns_array" time="0.170" /><testcase classname="backend.tests.test_api.TestTokenVerify" name="test_verify_nonexistent_token" time="0.326" /><testcase classname="backend.tests.test_api.TestTokenVerify" name="test_verify_existing_token" time="0.492" /><testcase classname="backend.tests.test_api.TestMetadataJSON" name="test_get_metadata_json_for_existing_token" time="0.365" /><testcase classname="backend.tests.test_api.TestMetadataJSON" name="test_get_metadata_json_for_nonexistent_token" time="0.182" /></testsuite></testsuites>