<?xml version="1.0" encoding="utf-8"?><testsuites name="pytest tests"><testsuite name="pytest" errors="0" failures="0" skipped="0" tests="11" time="3.938" timestamp="2026-05-16T02:45:01.975606+00:00" hostname="agent-env-6d717257-c828-4175-87cd-55babd98542a"><testcase classname="backend.tests.test_api.TestHealthCheck" name="test_api_root_returns_200" time="0.123" /><testcase classname="backend.tests.test_api.TestImageUpload" name="test_upload_valid_png_image" time="0.988" /><testcase classname="backend.tests.test_api.TestImageUpload" name="test_upload_rejects_non_image_file" time="0.135" /><testcase classname="backend.tests.test_api.TestImageUpload" name="test_upload_rejects_empty_file" time="0.111" /><testcase classname="backend.tests.test_api.TestTokenCreation" name="test_create_token_returns_expected_fields" time="0.773" /><testcase classname="backend.tests.test_api.TestTokenCreation" name="test_create_token_with_authority_revocation" time="0.585" /><testcase classname="backend.tests.test_api.TestTokenList" name="test_get_tokens_returns_array" time="0.123" /><testcase classname="backend.tests.test_api.TestTokenVerify" name="test_verify_nonexistent_token" time="0.268" /><testcase classname="backend.tests.test_api.TestTokenVerify" name="test_verify_existing_token" time="0.376" /><testcase classname="backend.tests.test_api.TestMetadataJSON" name="test_get_metadata_json_for_existing_token" time="0.223" /><testcase classname="backend.tests.test_api.TestMetadataJSON" name="test_get_metadata_json_for_nonexistent_token" time="0.142" /></testsuite></testsuites>